2020-05-14_20:27:22.062 [main] INFO  Application [StartupInfoLogger.java:55] - Starting Application v1.0-SNAPSHOT on Andrew-ПК with PID 6108 (D:\Stajirovka\ReadAvayaLogger\target\nonBlockingEchoServer.jar started by Andrew in D:\Stajirovka\ReadAvayaLogger)
2020-05-14_20:27:22.094 [main] INFO  Application [SpringApplication.java:655] - The following profiles are active: dev
2020-05-14_20:27:29.391 [main] INFO  Application [Application.java:36] - Running with Spring profile(s) : [dev]
2020-05-14_20:27:33.783 [main] INFO  Application [StartupInfoLogger.java:61] - Started Application in 17.018 seconds (JVM running for 19.712)
2020-05-14_20:27:33.786 [main] INFO  Application [Application.java:50] - Access URLs:
----------------------------------------------------------
	Local: 		http://127.0.0.1:8082
	External: 	http://192.168.1.47:8082
----------------------------------------------------------
2020-05-14_20:27:33.789 [Thread-2] INFO  NonBlockingEchoServer_NEW [NonBlockingEchoServer_NEW.java:56] - Server started on port >> 9000
2020-05-14_20:27:33.790 [Thread-2] INFO  NonBlockingEchoServer_NEW [NonBlockingEchoServer_NEW.java:83] - Start cycle in NonBlockingEchoServer

2020-05-14_20:28:29.366 [http-nio-8082-exec-1] INFO  ReportRestController [ReportRestController.java:31] - Start doGet of '/servlets'
2020-05-14_20:28:29.387 [http-nio-8082-exec-1] INFO  CallsNewRepositoryImpl [CallsNewRepositoryImpl.java:41] - start findBeetwDateAndWay
2020-05-14_20:28:29.810 [http-nio-8082-exec-1] INFO  CallsNewRepositoryImpl [CallsNewRepositoryImpl.java:63] - Fined 0 items.
2020-05-14_20:28:41.392 [http-nio-8082-exec-2] INFO  ReportRestController [ReportRestController.java:31] - Start doGet of '/servlets'
2020-05-14_20:28:41.475 [http-nio-8082-exec-2] ERROR [dispatcherServlet] [DirectJDKLog.java:175] - Servlet.service() for servlet [dispatcherServlet] in context with path [] threw exception [Request processing failed; nested exception is java.time.format.DateTimeParseException: Text '' could not be parsed at index 0] with root cause
java.time.format.DateTimeParseException: Text '' could not be parsed at index 0
	at java.time.format.DateTimeFormatter.parseResolved0(DateTimeFormatter.java:1949)
	at java.time.format.DateTimeFormatter.parse(DateTimeFormatter.java:1851)
	at java.time.LocalDate.parse(LocalDate.java:400)
	at java.time.LocalDate.parse(LocalDate.java:385)
	at main.web.TO.TOServiceToBase.get_date_end(TOServiceToBase.java:47)
	at main.web.TO.TOServiceToBase.<init>(TOServiceToBase.java:23)
	at main.service_web.ServiceCalls.buildReport(ServiceCalls.java:37)
	at main.web.controller.ReportRestController.doGet(ReportRestController.java:32)
	at sun.reflect.NativeMethodAccessorImpl.invoke0(Native Method)
	at sun.reflect.NativeMethodAccessorImpl.invoke(NativeMethodAccessorImpl.java:62)
	at sun.reflect.DelegatingMethodAccessorImpl.invoke(DelegatingMethodAccessorImpl.java:43)
	at java.lang.reflect.Method.invoke(Method.java:498)
	at org.springframework.web.method.support.InvocableHandlerMethod.doInvoke(InvocableHandlerMethod.java:190)
	at org.springframework.web.method.support.InvocableHandlerMethod.invokeForRequest(InvocableHandlerMethod.java:138)
	at org.springframework.web.servlet.mvc.method.annotation.ServletInvocableHandlerMethod.invokeAndHandle(ServletInvocableHandlerMethod.java:106)
	at org.springframework.web.servlet.mvc.method.annotation.RequestMappingHandlerAdapter.invokeHandlerMethod(RequestMappingHandlerAdapter.java:888)
	at org.springframework.web.servlet.mvc.method.annotation.RequestMappingHandlerAdapter.handleInternal(RequestMappingHandlerAdapter.java:793)
	at org.springframework.web.servlet.mvc.method.AbstractHandlerMethodAdapter.handle(AbstractHandlerMethodAdapter.java:87)
	at org.springframework.web.servlet.DispatcherServlet.doDispatch(DispatcherServlet.java:1040)
	at org.springframework.web.servlet.DispatcherServlet.doService(DispatcherServlet.java:943)
	at org.springframework.web.servlet.FrameworkServlet.processRequest(FrameworkServlet.java:1006)
	at org.springframework.web.servlet.FrameworkServlet.doGet(FrameworkServlet.java:898)
	at javax.servlet.http.HttpServlet.service(HttpServlet.java:634)
	at org.springframework.web.servlet.FrameworkServlet.service(FrameworkServlet.java:883)
	at javax.servlet.http.HttpServlet.service(HttpServlet.java:741)
	at org.apache.catalina.core.ApplicationFilterChain.internalDoFilter(ApplicationFilterChain.java:231)
	at org.apache.catalina.core.ApplicationFilterChain.doFilter(ApplicationFilterChain.java:166)
	at org.apache.tomcat.websocket.server.WsFilter.doFilter(WsFilter.java:53)
	at org.apache.catalina.core.ApplicationFilterChain.internalDoFilter(ApplicationFilterChain.java:193)
	at org.apache.catalina.core.ApplicationFilterChain.doFilter(ApplicationFilterChain.java:166)
	at org.springframework.web.filter.RequestContextFilter.doFilterInternal(RequestContextFilter.java:100)
	at org.springframework.web.filter.OncePerRequestFilter.doFilter(OncePerRequestFilter.java:119)
	at org.apache.catalina.core.ApplicationFilterChain.internalDoFilter(ApplicationFilterChain.java:193)
	at org.apache.catalina.core.ApplicationFilterChain.doFilter(ApplicationFilterChain.java:166)
	at org.springframework.web.filter.FormContentFilter.doFilterInternal(FormContentFilter.java:93)
	at org.springframework.web.filter.OncePerRequestFilter.doFilter(OncePerRequestFilter.java:119)
	at org.apache.catalina.core.ApplicationFilterChain.internalDoFilter(ApplicationFilterChain.java:193)
	at org.apache.catalina.core.ApplicationFilterChain.doFilter(ApplicationFilterChain.java:166)
	at org.springframework.web.filter.CharacterEncodingFilter.doFilterInternal(CharacterEncodingFilter.java:201)
	at org.springframework.web.filter.OncePerRequestFilter.doFilter(OncePerRequestFilter.java:119)
	at org.apache.catalina.core.ApplicationFilterChain.internalDoFilter(ApplicationFilterChain.java:193)
	at org.apache.catalina.core.ApplicationFilterChain.doFilter(ApplicationFilterChain.java:166)
	at org.apache.catalina.core.StandardWrapperValve.invoke(StandardWrapperValve.java:202)
	at org.apache.catalina.core.StandardContextValve.invoke(StandardContextValve.java:96)
	at org.apache.catalina.authenticator.AuthenticatorBase.invoke(AuthenticatorBase.java:526)
	at org.apache.catalina.core.StandardHostValve.invoke(StandardHostValve.java:139)
	at org.apache.catalina.valves.ErrorReportValve.invoke(ErrorReportValve.java:92)
	at org.apache.catalina.core.StandardEngineValve.invoke(StandardEngineValve.java:74)
	at org.apache.catalina.connector.CoyoteAdapter.service(CoyoteAdapter.java:343)
	at org.apache.coyote.http11.Http11Processor.service(Http11Processor.java:367)
	at org.apache.coyote.AbstractProcessorLight.process(AbstractProcessorLight.java:65)
	at org.apache.coyote.AbstractProtocol$ConnectionHandler.process(AbstractProtocol.java:860)
	at org.apache.tomcat.util.net.NioEndpoint$SocketProcessor.doRun(NioEndpoint.java:1591)
	at org.apache.tomcat.util.net.SocketProcessorBase.run(SocketProcessorBase.java:49)
	at java.util.concurrent.ThreadPoolExecutor.runWorker(ThreadPoolExecutor.java:1149)
	at java.util.concurrent.ThreadPoolExecutor$Worker.run(ThreadPoolExecutor.java:624)
	at org.apache.tomcat.util.threads.TaskThread$WrappingRunnable.run(TaskThread.java:61)
	at java.lang.Thread.run(Thread.java:748)
2020-05-14_20:28:53.086 [http-nio-8082-exec-4] INFO  ReportRestController [ReportRestController.java:31] - Start doGet of '/servlets'
2020-05-14_20:28:53.087 [http-nio-8082-exec-4] INFO  CallsNewRepositoryImpl [CallsNewRepositoryImpl.java:41] - start findBeetwDateAndWay
2020-05-14_20:28:53.423 [http-nio-8082-exec-4] INFO  CallsNewRepositoryImpl [CallsNewRepositoryImpl.java:63] - Fined 122732 items.
2020-05-14_20:35:28.267 [http-nio-8082-exec-10] INFO  ReportRestController [ReportRestController.java:31] - Start doGet of '/servlets'
2020-05-14_20:35:28.268 [http-nio-8082-exec-10] INFO  CallsNewRepositoryImpl [CallsNewRepositoryImpl.java:41] - start findBeetwDateAndWay
2020-05-14_20:35:28.370 [http-nio-8082-exec-10] INFO  CallsNewRepositoryImpl [CallsNewRepositoryImpl.java:63] - Fined 122732 items.
2020-05-14_20:35:31.819 [http-nio-8082-exec-9] INFO  ReportRestController [ReportRestController.java:31] - Start doGet of '/servlets'
2020-05-14_20:35:31.820 [http-nio-8082-exec-9] INFO  CallsNewRepositoryImpl [CallsNewRepositoryImpl.java:41] - start findBeetwDateAndWay
2020-05-14_20:35:31.916 [http-nio-8082-exec-9] INFO  CallsNewRepositoryImpl [CallsNewRepositoryImpl.java:63] - Fined 122732 items.
2020-05-14_20:36:00.807 [http-nio-8082-exec-7] INFO  ReportRestController [ReportRestController.java:31] - Start doGet of '/servlets'
2020-05-14_20:36:00.809 [http-nio-8082-exec-7] ERROR [dispatcherServlet] [DirectJDKLog.java:175] - Servlet.service() for servlet [dispatcherServlet] in context with path [] threw exception [Request processing failed; nested exception is java.time.format.DateTimeParseException: Text '' could not be parsed at index 0] with root cause
java.time.format.DateTimeParseException: Text '' could not be parsed at index 0
	at java.time.format.DateTimeFormatter.parseResolved0(DateTimeFormatter.java:1949)
	at java.time.format.DateTimeFormatter.parse(DateTimeFormatter.java:1851)
	at java.time.LocalDate.parse(LocalDate.java:400)
	at java.time.LocalDate.parse(LocalDate.java:385)
	at main.web.TO.TOServiceToBase.get_date_end(TOServiceToBase.java:47)
	at main.web.TO.TOServiceToBase.<init>(TOServiceToBase.java:23)
	at main.service_web.ServiceCalls.buildReport(ServiceCalls.java:37)
	at main.web.controller.ReportRestController.doGet(ReportRestController.java:32)
	at sun.reflect.NativeMethodAccessorImpl.invoke0(Native Method)
	at sun.reflect.NativeMethodAccessorImpl.invoke(NativeMethodAccessorImpl.java:62)
	at sun.reflect.DelegatingMethodAccessorImpl.invoke(DelegatingMethodAccessorImpl.java:43)
	at java.lang.reflect.Method.invoke(Method.java:498)
	at org.springframework.web.method.support.InvocableHandlerMethod.doInvoke(InvocableHandlerMethod.java:190)
	at org.springframework.web.method.support.InvocableHandlerMethod.invokeForRequest(InvocableHandlerMethod.java:138)
	at org.springframework.web.servlet.mvc.method.annotation.ServletInvocableHandlerMethod.invokeAndHandle(ServletInvocableHandlerMethod.java:106)
	at org.springframework.web.servlet.mvc.method.annotation.RequestMappingHandlerAdapter.invokeHandlerMethod(RequestMappingHandlerAdapter.java:888)
	at org.springframework.web.servlet.mvc.method.annotation.RequestMappingHandlerAdapter.handleInternal(RequestMappingHandlerAdapter.java:793)
	at org.springframework.web.servlet.mvc.method.AbstractHandlerMethodAdapter.handle(AbstractHandlerMethodAdapter.java:87)
	at org.springframework.web.servlet.DispatcherServlet.doDispatch(DispatcherServlet.java:1040)
	at org.springframework.web.servlet.DispatcherServlet.doService(DispatcherServlet.java:943)
	at org.springframework.web.servlet.FrameworkServlet.processRequest(FrameworkServlet.java:1006)
	at org.springframework.web.servlet.FrameworkServlet.doGet(FrameworkServlet.java:898)
	at javax.servlet.http.HttpServlet.service(HttpServlet.java:634)
	at org.springframework.web.servlet.FrameworkServlet.service(FrameworkServlet.java:883)
	at javax.servlet.http.HttpServlet.service(HttpServlet.java:741)
	at org.apache.catalina.core.ApplicationFilterChain.internalDoFilter(ApplicationFilterChain.java:231)
	at org.apache.catalina.core.ApplicationFilterChain.doFilter(ApplicationFilterChain.java:166)
	at org.apache.tomcat.websocket.server.WsFilter.doFilter(WsFilter.java:53)
	at org.apache.catalina.core.ApplicationFilterChain.internalDoFilter(ApplicationFilterChain.java:193)
	at org.apache.catalina.core.ApplicationFilterChain.doFilter(ApplicationFilterChain.java:166)
	at org.springframework.web.filter.RequestContextFilter.doFilterInternal(RequestContextFilter.java:100)
	at org.springframework.web.filter.OncePerRequestFilter.doFilter(OncePerRequestFilter.java:119)
	at org.apache.catalina.core.ApplicationFilterChain.internalDoFilter(ApplicationFilterChain.java:193)
	at org.apache.catalina.core.ApplicationFilterChain.doFilter(ApplicationFilterChain.java:166)
	at org.springframework.web.filter.FormContentFilter.doFilterInternal(FormContentFilter.java:93)
	at org.springframework.web.filter.OncePerRequestFilter.doFilter(OncePerRequestFilter.java:119)
	at org.apache.catalina.core.ApplicationFilterChain.internalDoFilter(ApplicationFilterChain.java:193)
	at org.apache.catalina.core.ApplicationFilterChain.doFilter(ApplicationFilterChain.java:166)
	at org.springframework.web.filter.CharacterEncodingFilter.doFilterInternal(CharacterEncodingFilter.java:201)
	at org.springframework.web.filter.OncePerRequestFilter.doFilter(OncePerRequestFilter.java:119)
	at org.apache.catalina.core.ApplicationFilterChain.internalDoFilter(ApplicationFilterChain.java:193)
	at org.apache.catalina.core.ApplicationFilterChain.doFilter(ApplicationFilterChain.java:166)
	at org.apache.catalina.core.StandardWrapperValve.invoke(StandardWrapperValve.java:202)
	at org.apache.catalina.core.StandardContextValve.invoke(StandardContextValve.java:96)
	at org.apache.catalina.authenticator.AuthenticatorBase.invoke(AuthenticatorBase.java:526)
	at org.apache.catalina.core.StandardHostValve.invoke(StandardHostValve.java:139)
	at org.apache.catalina.valves.ErrorReportValve.invoke(ErrorReportValve.java:92)
	at org.apache.catalina.core.StandardEngineValve.invoke(StandardEngineValve.java:74)
	at org.apache.catalina.connector.CoyoteAdapter.service(CoyoteAdapter.java:343)
	at org.apache.coyote.http11.Http11Processor.service(Http11Processor.java:367)
	at org.apache.coyote.AbstractProcessorLight.process(AbstractProcessorLight.java:65)
	at org.apache.coyote.AbstractProtocol$ConnectionHandler.process(AbstractProtocol.java:860)
	at org.apache.tomcat.util.net.NioEndpoint$SocketProcessor.doRun(NioEndpoint.java:1591)
	at org.apache.tomcat.util.net.SocketProcessorBase.run(SocketProcessorBase.java:49)
	at java.util.concurrent.ThreadPoolExecutor.runWorker(ThreadPoolExecutor.java:1149)
	at java.util.concurrent.ThreadPoolExecutor$Worker.run(ThreadPoolExecutor.java:624)
	at org.apache.tomcat.util.threads.TaskThread$WrappingRunnable.run(TaskThread.java:61)
	at java.lang.Thread.run(Thread.java:748)
2020-05-14_20:37:54.721 [main] INFO  Application [StartupInfoLogger.java:55] - Starting Application v1.0-SNAPSHOT on Andrew-ПК with PID 5580 (D:\Stajirovka\ReadAvayaLogger\target\nonBlockingEchoServer.jar started by Andrew in D:\Stajirovka\ReadAvayaLogger)
2020-05-14_20:37:54.726 [main] INFO  Application [SpringApplication.java:655] - The following profiles are active: dev
2020-05-14_20:37:56.624 [main] INFO  Application [Application.java:36] - Running with Spring profile(s) : [dev]
2020-05-14_20:37:57.946 [main] INFO  Application [StartupInfoLogger.java:61] - Started Application in 4.022 seconds (JVM running for 4.55)
2020-05-14_20:37:57.948 [main] INFO  Application [Application.java:50] - Access URLs:
----------------------------------------------------------
	Local: 		http://127.0.0.1:8082
	External: 	http://192.168.1.47:8082
----------------------------------------------------------
2020-05-14_20:37:57.951 [Thread-2] INFO  NonBlockingEchoServer_NEW [NonBlockingEchoServer_NEW.java:56] - Server started on port >> 9000
2020-05-14_20:37:57.952 [Thread-2] INFO  NonBlockingEchoServer_NEW [NonBlockingEchoServer_NEW.java:83] - Start cycle in NonBlockingEchoServer

2020-05-14_20:38:03.302 [http-nio-8082-exec-1] INFO  ReportRestController [ReportRestController.java:31] - Start doGet of '/servlets'
2020-05-14_20:38:03.314 [http-nio-8082-exec-1] INFO  CallsNewRepositoryImpl [CallsNewRepositoryImpl.java:41] - start findBeetwDateAndWay
2020-05-14_20:38:03.583 [http-nio-8082-exec-1] INFO  CallsNewRepositoryImpl [CallsNewRepositoryImpl.java:63] - Fined 122732 items.
2020-05-14_20:38:03.591 [http-nio-8082-exec-1] ERROR [dispatcherServlet] [DirectJDKLog.java:175] - Servlet.service() for servlet [dispatcherServlet] in context with path [] threw exception [Request processing failed; nested exception is java.time.format.DateTimeParseException: Text '' could not be parsed at index 0] with root cause
java.time.format.DateTimeParseException: Text '' could not be parsed at index 0
	at java.time.format.DateTimeFormatter.parseResolved0(DateTimeFormatter.java:1949)
	at java.time.format.DateTimeFormatter.parse(DateTimeFormatter.java:1851)
	at java.time.LocalDate.parse(LocalDate.java:400)
	at java.time.LocalDate.parse(LocalDate.java:385)
	at main.service_web.ServiceCalls.get_date_end(ServiceCalls.java:70)
	at main.web.controller.ReportRestController.doGet(ReportRestController.java:36)
	at sun.reflect.NativeMethodAccessorImpl.invoke0(Native Method)
	at sun.reflect.NativeMethodAccessorImpl.invoke(NativeMethodAccessorImpl.java:62)
	at sun.reflect.DelegatingMethodAccessorImpl.invoke(DelegatingMethodAccessorImpl.java:43)
	at java.lang.reflect.Method.invoke(Method.java:498)
	at org.springframework.web.method.support.InvocableHandlerMethod.doInvoke(InvocableHandlerMethod.java:190)
	at org.springframework.web.method.support.InvocableHandlerMethod.invokeForRequest(InvocableHandlerMethod.java:138)
	at org.springframework.web.servlet.mvc.method.annotation.ServletInvocableHandlerMethod.invokeAndHandle(ServletInvocableHandlerMethod.java:106)
	at org.springframework.web.servlet.mvc.method.annotation.RequestMappingHandlerAdapter.invokeHandlerMethod(RequestMappingHandlerAdapter.java:888)
	at org.springframework.web.servlet.mvc.method.annotation.RequestMappingHandlerAdapter.handleInternal(RequestMappingHandlerAdapter.java:793)
	at org.springframework.web.servlet.mvc.method.AbstractHandlerMethodAdapter.handle(AbstractHandlerMethodAdapter.java:87)
	at org.springframework.web.servlet.DispatcherServlet.doDispatch(DispatcherServlet.java:1040)
	at org.springframework.web.servlet.DispatcherServlet.doService(DispatcherServlet.java:943)
	at org.springframework.web.servlet.FrameworkServlet.processRequest(FrameworkServlet.java:1006)
	at org.springframework.web.servlet.FrameworkServlet.doGet(FrameworkServlet.java:898)
	at javax.servlet.http.HttpServlet.service(HttpServlet.java:634)
	at org.springframework.web.servlet.FrameworkServlet.service(FrameworkServlet.java:883)
	at javax.servlet.http.HttpServlet.service(HttpServlet.java:741)
	at org.apache.catalina.core.ApplicationFilterChain.internalDoFilter(ApplicationFilterChain.java:231)
	at org.apache.catalina.core.ApplicationFilterChain.doFilter(ApplicationFilterChain.java:166)
	at org.apache.tomcat.websocket.server.WsFilter.doFilter(WsFilter.java:53)
	at org.apache.catalina.core.ApplicationFilterChain.internalDoFilter(ApplicationFilterChain.java:193)
	at org.apache.catalina.core.ApplicationFilterChain.doFilter(ApplicationFilterChain.java:166)
	at org.springframework.web.filter.RequestContextFilter.doFilterInternal(RequestContextFilter.java:100)
	at org.springframework.web.filter.OncePerRequestFilter.doFilter(OncePerRequestFilter.java:119)
	at org.apache.catalina.core.ApplicationFilterChain.internalDoFilter(ApplicationFilterChain.java:193)
	at org.apache.catalina.core.ApplicationFilterChain.doFilter(ApplicationFilterChain.java:166)
	at org.springframework.web.filter.FormContentFilter.doFilterInternal(FormContentFilter.java:93)
	at org.springframework.web.filter.OncePerRequestFilter.doFilter(OncePerRequestFilter.java:119)
	at org.apache.catalina.core.ApplicationFilterChain.internalDoFilter(ApplicationFilterChain.java:193)
	at org.apache.catalina.core.ApplicationFilterChain.doFilter(ApplicationFilterChain.java:166)
	at org.springframework.web.filter.CharacterEncodingFilter.doFilterInternal(CharacterEncodingFilter.java:201)
	at org.springframework.web.filter.OncePerRequestFilter.doFilter(OncePerRequestFilter.java:119)
	at org.apache.catalina.core.ApplicationFilterChain.internalDoFilter(ApplicationFilterChain.java:193)
	at org.apache.catalina.core.ApplicationFilterChain.doFilter(ApplicationFilterChain.java:166)
	at org.apache.catalina.core.StandardWrapperValve.invoke(StandardWrapperValve.java:202)
	at org.apache.catalina.core.StandardContextValve.invoke(StandardContextValve.java:96)
	at org.apache.catalina.authenticator.AuthenticatorBase.invoke(AuthenticatorBase.java:526)
	at org.apache.catalina.core.StandardHostValve.invoke(StandardHostValve.java:139)
	at org.apache.catalina.valves.ErrorReportValve.invoke(ErrorReportValve.java:92)
	at org.apache.catalina.core.StandardEngineValve.invoke(StandardEngineValve.java:74)
	at org.apache.catalina.connector.CoyoteAdapter.service(CoyoteAdapter.java:343)
	at org.apache.coyote.http11.Http11Processor.service(Http11Processor.java:367)
	at org.apache.coyote.AbstractProcessorLight.process(AbstractProcessorLight.java:65)
	at org.apache.coyote.AbstractProtocol$ConnectionHandler.process(AbstractProtocol.java:860)
	at org.apache.tomcat.util.net.NioEndpoint$SocketProcessor.doRun(NioEndpoint.java:1591)
	at org.apache.tomcat.util.net.SocketProcessorBase.run(SocketProcessorBase.java:49)
	at java.util.concurrent.ThreadPoolExecutor.runWorker(ThreadPoolExecutor.java:1149)
	at java.util.concurrent.ThreadPoolExecutor$Worker.run(ThreadPoolExecutor.java:624)
	at org.apache.tomcat.util.threads.TaskThread$WrappingRunnable.run(TaskThread.java:61)
	at java.lang.Thread.run(Thread.java:748)
2020-05-14_20:38:25.002 [main] INFO  Application [StartupInfoLogger.java:55] - Starting Application v1.0-SNAPSHOT on Andrew-ПК with PID 9048 (D:\Stajirovka\ReadAvayaLogger\target\nonBlockingEchoServer.jar started by Andrew in D:\Stajirovka\ReadAvayaLogger)
2020-05-14_20:38:25.007 [main] INFO  Application [SpringApplication.java:655] - The following profiles are active: dev
2020-05-14_20:38:28.043 [main] INFO  Application [Application.java:36] - Running with Spring profile(s) : [dev]
2020-05-14_20:38:30.100 [main] INFO  Application [StartupInfoLogger.java:61] - Started Application in 6.014 seconds (JVM running for 7.993)
2020-05-14_20:38:30.103 [main] INFO  Application [Application.java:50] - Access URLs:
----------------------------------------------------------
	Local: 		http://127.0.0.1:8082
	External: 	http://192.168.1.47:8082
----------------------------------------------------------
2020-05-14_20:38:30.107 [Thread-2] INFO  NonBlockingEchoServer_NEW [NonBlockingEchoServer_NEW.java:56] - Server started on port >> 9000
2020-05-14_20:38:30.107 [Thread-2] INFO  NonBlockingEchoServer_NEW [NonBlockingEchoServer_NEW.java:83] - Start cycle in NonBlockingEchoServer

2020-05-14_20:38:33.912 [http-nio-8082-exec-4] INFO  ReportRestController [ReportRestController.java:31] - Start doGet of '/servlets'
2020-05-14_20:38:33.922 [http-nio-8082-exec-4] INFO  CallsNewRepositoryImpl [CallsNewRepositoryImpl.java:41] - start findBeetwDateAndWay
2020-05-14_20:38:34.174 [http-nio-8082-exec-4] INFO  CallsNewRepositoryImpl [CallsNewRepositoryImpl.java:63] - Fined 122732 items.
2020-05-14_20:40:24.676 [http-nio-8082-exec-4] ERROR [dispatcherServlet] [DirectJDKLog.java:175] - Servlet.service() for servlet [dispatcherServlet] in context with path [] threw exception [Request processing failed; nested exception is java.time.format.DateTimeParseException: Text '' could not be parsed at index 0] with root cause
java.time.format.DateTimeParseException: Text '' could not be parsed at index 0
	at java.time.format.DateTimeFormatter.parseResolved0(DateTimeFormatter.java:1949)
	at java.time.format.DateTimeFormatter.parse(DateTimeFormatter.java:1851)
	at java.time.LocalDate.parse(LocalDate.java:400)
	at java.time.LocalDate.parse(LocalDate.java:385)
	at main.service_web.ServiceCalls.get_date_end(ServiceCalls.java:70)
	at main.web.controller.ReportRestController.doGet(ReportRestController.java:36)
	at sun.reflect.NativeMethodAccessorImpl.invoke0(Native Method)
	at sun.reflect.NativeMethodAccessorImpl.invoke(NativeMethodAccessorImpl.java:62)
	at sun.reflect.DelegatingMethodAccessorImpl.invoke(DelegatingMethodAccessorImpl.java:43)
	at java.lang.reflect.Method.invoke(Method.java:498)
	at org.springframework.web.method.support.InvocableHandlerMethod.doInvoke(InvocableHandlerMethod.java:190)
	at org.springframework.web.method.support.InvocableHandlerMethod.invokeForRequest(InvocableHandlerMethod.java:138)
	at org.springframework.web.servlet.mvc.method.annotation.ServletInvocableHandlerMethod.invokeAndHandle(ServletInvocableHandlerMethod.java:106)
	at org.springframework.web.servlet.mvc.method.annotation.RequestMappingHandlerAdapter.invokeHandlerMethod(RequestMappingHandlerAdapter.java:888)
	at org.springframework.web.servlet.mvc.method.annotation.RequestMappingHandlerAdapter.handleInternal(RequestMappingHandlerAdapter.java:793)
	at org.springframework.web.servlet.mvc.method.AbstractHandlerMethodAdapter.handle(AbstractHandlerMethodAdapter.java:87)
	at org.springframework.web.servlet.DispatcherServlet.doDispatch(DispatcherServlet.java:1040)
	at org.springframework.web.servlet.DispatcherServlet.doService(DispatcherServlet.java:943)
	at org.springframework.web.servlet.FrameworkServlet.processRequest(FrameworkServlet.java:1006)
	at org.springframework.web.servlet.FrameworkServlet.doGet(FrameworkServlet.java:898)
	at javax.servlet.http.HttpServlet.service(HttpServlet.java:634)
	at org.springframework.web.servlet.FrameworkServlet.service(FrameworkServlet.java:883)
	at javax.servlet.http.HttpServlet.service(HttpServlet.java:741)
	at org.apache.catalina.core.ApplicationFilterChain.internalDoFilter(ApplicationFilterChain.java:231)
	at org.apache.catalina.core.ApplicationFilterChain.doFilter(ApplicationFilterChain.java:166)
	at org.apache.tomcat.websocket.server.WsFilter.doFilter(WsFilter.java:53)
	at org.apache.catalina.core.ApplicationFilterChain.internalDoFilter(ApplicationFilterChain.java:193)
	at org.apache.catalina.core.ApplicationFilterChain.doFilter(ApplicationFilterChain.java:166)
	at org.springframework.web.filter.RequestContextFilter.doFilterInternal(RequestContextFilter.java:100)
	at org.springframework.web.filter.OncePerRequestFilter.doFilter(OncePerRequestFilter.java:119)
	at org.apache.catalina.core.ApplicationFilterChain.internalDoFilter(ApplicationFilterChain.java:193)
	at org.apache.catalina.core.ApplicationFilterChain.doFilter(ApplicationFilterChain.java:166)
	at org.springframework.web.filter.FormContentFilter.doFilterInternal(FormContentFilter.java:93)
	at org.springframework.web.filter.OncePerRequestFilter.doFilter(OncePerRequestFilter.java:119)
	at org.apache.catalina.core.ApplicationFilterChain.internalDoFilter(ApplicationFilterChain.java:193)
	at org.apache.catalina.core.ApplicationFilterChain.doFilter(ApplicationFilterChain.java:166)
	at org.springframework.web.filter.CharacterEncodingFilter.doFilterInternal(CharacterEncodingFilter.java:201)
	at org.springframework.web.filter.OncePerRequestFilter.doFilter(OncePerRequestFilter.java:119)
	at org.apache.catalina.core.ApplicationFilterChain.internalDoFilter(ApplicationFilterChain.java:193)
	at org.apache.catalina.core.ApplicationFilterChain.doFilter(ApplicationFilterChain.java:166)
	at org.apache.catalina.core.StandardWrapperValve.invoke(StandardWrapperValve.java:202)
	at org.apache.catalina.core.StandardContextValve.invoke(StandardContextValve.java:96)
	at org.apache.catalina.authenticator.AuthenticatorBase.invoke(AuthenticatorBase.java:526)
	at org.apache.catalina.core.StandardHostValve.invoke(StandardHostValve.java:139)
	at org.apache.catalina.valves.ErrorReportValve.invoke(ErrorReportValve.java:92)
	at org.apache.catalina.core.StandardEngineValve.invoke(StandardEngineValve.java:74)
	at org.apache.catalina.connector.CoyoteAdapter.service(CoyoteAdapter.java:343)
	at org.apache.coyote.http11.Http11Processor.service(Http11Processor.java:367)
	at org.apache.coyote.AbstractProcessorLight.process(AbstractProcessorLight.java:65)
	at org.apache.coyote.AbstractProtocol$ConnectionHandler.process(AbstractProtocol.java:860)
	at org.apache.tomcat.util.net.NioEndpoint$SocketProcessor.doRun(NioEndpoint.java:1591)
	at org.apache.tomcat.util.net.SocketProcessorBase.run(SocketProcessorBase.java:49)
	at java.util.concurrent.ThreadPoolExecutor.runWorker(ThreadPoolExecutor.java:1149)
	at java.util.concurrent.ThreadPoolExecutor$Worker.run(ThreadPoolExecutor.java:624)
	at org.apache.tomcat.util.threads.TaskThread$WrappingRunnable.run(TaskThread.java:61)
	at java.lang.Thread.run(Thread.java:748)
2020-05-14_20:42:58.734 [main] INFO  Application [StartupInfoLogger.java:55] - Starting Application v1.0-SNAPSHOT on Andrew-ПК with PID 8252 (D:\Stajirovka\ReadAvayaLogger\target\nonBlockingEchoServer.jar started by Andrew in D:\Stajirovka\ReadAvayaLogger)
2020-05-14_20:42:58.740 [main] INFO  Application [SpringApplication.java:655] - The following profiles are active: dev
2020-05-14_20:43:00.646 [main] INFO  Application [Application.java:36] - Running with Spring profile(s) : [dev]
2020-05-14_20:43:02.096 [main] INFO  Application [StartupInfoLogger.java:61] - Started Application in 4.194 seconds (JVM running for 4.695)
2020-05-14_20:43:02.099 [main] INFO  Application [Application.java:50] - Access URLs:
----------------------------------------------------------
	Local: 		http://127.0.0.1:8082
	External: 	http://192.168.1.47:8082
----------------------------------------------------------
2020-05-14_20:43:02.102 [Thread-2] INFO  NonBlockingEchoServer_NEW [NonBlockingEchoServer_NEW.java:56] - Server started on port >> 9000
2020-05-14_20:43:02.102 [Thread-2] INFO  NonBlockingEchoServer_NEW [NonBlockingEchoServer_NEW.java:83] - Start cycle in NonBlockingEchoServer

2020-05-14_20:43:11.395 [main] INFO  Application [StartupInfoLogger.java:55] - Starting Application v1.0-SNAPSHOT on Andrew-ПК with PID 9208 (D:\Stajirovka\ReadAvayaLogger\target\nonBlockingEchoServer.jar started by Andrew in D:\Stajirovka\ReadAvayaLogger)
2020-05-14_20:43:11.401 [main] INFO  Application [SpringApplication.java:655] - The following profiles are active: dev
2020-05-14_20:43:13.968 [main] INFO  Application [Application.java:36] - Running with Spring profile(s) : [dev]
2020-05-14_20:43:16.093 [main] INFO  Application [StartupInfoLogger.java:61] - Started Application in 5.585 seconds (JVM running for 6.358)
2020-05-14_20:43:16.097 [main] INFO  Application [Application.java:50] - Access URLs:
----------------------------------------------------------
	Local: 		http://127.0.0.1:8082
	External: 	http://192.168.1.47:8082
----------------------------------------------------------
2020-05-14_20:43:16.102 [Thread-2] INFO  NonBlockingEchoServer_NEW [NonBlockingEchoServer_NEW.java:56] - Server started on port >> 9000
2020-05-14_20:43:16.102 [Thread-2] INFO  NonBlockingEchoServer_NEW [NonBlockingEchoServer_NEW.java:83] - Start cycle in NonBlockingEchoServer

2020-05-14_20:43:19.065 [http-nio-8082-exec-1] INFO  ReportRestController [ReportRestController.java:31] - Start doGet of '/servlets'
2020-05-14_20:43:19.073 [http-nio-8082-exec-1] INFO  CallsNewRepositoryImpl [CallsNewRepositoryImpl.java:41] - start findBeetwDateAndWay
2020-05-14_20:43:19.318 [http-nio-8082-exec-1] INFO  CallsNewRepositoryImpl [CallsNewRepositoryImpl.java:63] - Fined 122732 items.
2020-05-14_20:43:52.942 [http-nio-8082-exec-4] INFO  ReportRestController [ReportRestController.java:31] - Start doGet of '/servlets'
2020-05-14_20:43:52.944 [http-nio-8082-exec-4] INFO  CallsNewRepositoryImpl [CallsNewRepositoryImpl.java:41] - start findBeetwDateAndWay
2020-05-14_20:43:52.953 [http-nio-8082-exec-4] INFO  CallsNewRepositoryImpl [CallsNewRepositoryImpl.java:63] - Fined 0 items.
2020-05-14_20:46:35.962 [main] INFO  Application [StartupInfoLogger.java:55] - Starting Application v1.0-SNAPSHOT on Andrew-ПК with PID 8132 (D:\Stajirovka\ReadAvayaLogger\target\nonBlockingEchoServer.jar started by Andrew in D:\Stajirovka\ReadAvayaLogger)
2020-05-14_20:46:35.967 [main] INFO  Application [SpringApplication.java:655] - The following profiles are active: dev
2020-05-14_20:46:37.963 [main] INFO  Application [Application.java:36] - Running with Spring profile(s) : [dev]
2020-05-14_20:46:39.399 [main] INFO  Application [StartupInfoLogger.java:61] - Started Application in 5.134 seconds (JVM running for 5.651)
2020-05-14_20:46:39.402 [main] INFO  Application [Application.java:50] - Access URLs:
----------------------------------------------------------
	Local: 		http://127.0.0.1:9001
	External: 	http://192.168.1.47:9001
----------------------------------------------------------
2020-05-14_20:46:39.405 [Thread-2] INFO  NonBlockingEchoServer_NEW [NonBlockingEchoServer_NEW.java:56] - Server started on port >> 9000
2020-05-14_20:46:39.406 [Thread-2] INFO  NonBlockingEchoServer_NEW [NonBlockingEchoServer_NEW.java:83] - Start cycle in NonBlockingEchoServer

2020-05-14_20:47:06.330 [http-nio-9001-exec-2] INFO  ReportRestController [ReportRestController.java:31] - Start doGet of '/servlets'
2020-05-14_20:47:06.335 [http-nio-9001-exec-2] INFO  CallsNewRepositoryImpl [CallsNewRepositoryImpl.java:41] - start findBeetwDateAndWay
2020-05-14_20:47:06.388 [http-nio-9001-exec-2] INFO  CallsNewRepositoryImpl [CallsNewRepositoryImpl.java:63] - Fined 0 items.
2020-05-14_20:48:55.609 [http-nio-9001-exec-6] INFO  ReportRestController [ReportRestController.java:31] - Start doGet of '/servlets'
2020-05-14_20:48:55.614 [http-nio-9001-exec-6] INFO  CallsNewRepositoryImpl [CallsNewRepositoryImpl.java:41] - start findBeetwDateAndWay
2020-05-14_20:48:55.812 [http-nio-9001-exec-6] INFO  CallsNewRepositoryImpl [CallsNewRepositoryImpl.java:63] - Fined 122732 items.
2020-05-14_20:51:02.141 [main] INFO  Application [StartupInfoLogger.java:55] - Starting Application v1.0-SNAPSHOT on Andrew-ПК with PID 7332 (D:\Stajirovka\ReadAvayaLogger\target\nonBlockingEchoServer.jar started by Andrew in D:\Stajirovka\ReadAvayaLogger)
2020-05-14_20:51:02.145 [main] INFO  Application [SpringApplication.java:655] - The following profiles are active: dev
2020-05-14_20:51:04.655 [main] INFO  Application [Application.java:36] - Running with Spring profile(s) : [dev]
2020-05-14_20:51:06.403 [main] INFO  Application [StartupInfoLogger.java:61] - Started Application in 5.448 seconds (JVM running for 6.259)
2020-05-14_20:51:06.406 [main] INFO  Application [Application.java:50] - Access URLs:
----------------------------------------------------------
	Local: 		http://127.0.0.1:9001
	External: 	http://192.168.1.47:9001
----------------------------------------------------------
2020-05-14_20:51:06.409 [Thread-2] INFO  NonBlockingEchoServer_NEW [NonBlockingEchoServer_NEW.java:56] - Server started on port >> 9000
2020-05-14_20:51:06.410 [Thread-2] INFO  NonBlockingEchoServer_NEW [NonBlockingEchoServer_NEW.java:83] - Start cycle in NonBlockingEchoServer

2020-05-14_20:51:08.817 [http-nio-9001-exec-1] INFO  ReportRestController [ReportRestController.java:31] - Start doGet of '/servlets'
2020-05-14_20:51:08.823 [http-nio-9001-exec-1] INFO  CallsNewRepositoryImpl [CallsNewRepositoryImpl.java:41] - start findBeetwDateAndWay
2020-05-14_20:51:08.881 [http-nio-9001-exec-1] INFO  CallsNewRepositoryImpl [CallsNewRepositoryImpl.java:63] - Fined 0 items.
2020-05-14_21:00:05.536 [main] INFO  Application [StartupInfoLogger.java:55] - Starting Application v1.0-SNAPSHOT on Andrew-ПК with PID 6864 (D:\Stajirovka\ReadAvayaLogger\target\nonBlockingEchoServer.jar started by Andrew in D:\Stajirovka\ReadAvayaLogger)
2020-05-14_21:00:05.541 [main] INFO  Application [SpringApplication.java:655] - The following profiles are active: dev
2020-05-14_21:00:08.385 [main] INFO  Application [Application.java:36] - Running with Spring profile(s) : [dev]
2020-05-14_21:00:10.191 [main] INFO  Application [StartupInfoLogger.java:61] - Started Application in 5.564 seconds (JVM running for 6.356)
2020-05-14_21:00:10.194 [main] INFO  Application [Application.java:50] - Access URLs:
----------------------------------------------------------
	Local: 		http://127.0.0.1:9001
	External: 	http://192.168.1.47:9001
----------------------------------------------------------
2020-05-14_21:00:10.199 [Thread-2] INFO  NonBlockingEchoServer_NEW [NonBlockingEchoServer_NEW.java:56] - Server started on port >> 9000
2020-05-14_21:00:10.199 [Thread-2] INFO  NonBlockingEchoServer_NEW [NonBlockingEchoServer_NEW.java:83] - Start cycle in NonBlockingEchoServer

2020-05-14_21:01:01.620 [http-nio-9001-exec-1] INFO  ReportRestController [ReportRestController.java:31] - Start doGet of '/servlets'
2020-05-14_21:01:01.628 [http-nio-9001-exec-1] INFO  CallsNewRepositoryImpl [CallsNewRepositoryImpl.java:41] - start findBeetwDateAndWay
2020-05-14_21:01:01.686 [http-nio-9001-exec-1] INFO  CallsNewRepositoryImpl [CallsNewRepositoryImpl.java:63] - Fined 0 items.
2020-05-14_21:01:32.181 [http-nio-9001-exec-4] INFO  ReportRestController [ReportRestController.java:31] - Start doGet of '/servlets'
2020-05-14_21:01:32.181 [http-nio-9001-exec-4] INFO  CallsNewRepositoryImpl [CallsNewRepositoryImpl.java:41] - start findBeetwDateAndWay
2020-05-14_21:01:32.185 [http-nio-9001-exec-4] INFO  CallsNewRepositoryImpl [CallsNewRepositoryImpl.java:63] - Fined 0 items.
2020-05-14_21:02:18.739 [http-nio-9001-exec-6] INFO  ReportRestController [ReportRestController.java:31] - Start doGet of '/servlets'
2020-05-14_21:02:18.750 [http-nio-9001-exec-6] INFO  CallsNewRepositoryImpl [CallsNewRepositoryImpl.java:41] - start findBeetwDateAndWay
2020-05-14_21:02:18.774 [http-nio-9001-exec-6] INFO  CallsNewRepositoryImpl [CallsNewRepositoryImpl.java:63] - Fined 0 items.
2020-05-14_21:04:30.745 [main] INFO  Application [StartupInfoLogger.java:55] - Starting Application v1.0-SNAPSHOT on Andrew-ПК with PID 9084 (D:\Stajirovka\ReadAvayaLogger\target\nonBlockingEchoServer.jar started by Andrew in D:\Stajirovka\ReadAvayaLogger)
2020-05-14_21:04:30.749 [main] INFO  Application [SpringApplication.java:655] - The following profiles are active: dev
2020-05-14_21:04:32.680 [main] INFO  Application [Application.java:36] - Running with Spring profile(s) : [dev]
2020-05-14_21:04:34.035 [main] INFO  Application [StartupInfoLogger.java:61] - Started Application in 4.218 seconds (JVM running for 4.748)
2020-05-14_21:04:34.037 [main] INFO  Application [Application.java:50] - Access URLs:
----------------------------------------------------------
	Local: 		http://127.0.0.1:9001
	External: 	http://192.168.1.47:9001
----------------------------------------------------------
2020-05-14_21:04:34.040 [Thread-2] INFO  NonBlockingEchoServer_NEW [NonBlockingEchoServer_NEW.java:56] - Server started on port >> 9000
2020-05-14_21:04:34.041 [Thread-2] INFO  NonBlockingEchoServer_NEW [NonBlockingEchoServer_NEW.java:83] - Start cycle in NonBlockingEchoServer

2020-05-14_21:04:40.877 [http-nio-9001-exec-1] INFO  ReportRestController [ReportRestController.java:31] - Start doGet of '/servlets'
2020-05-14_21:04:40.883 [http-nio-9001-exec-1] INFO  CallsNewRepositoryImpl [CallsNewRepositoryImpl.java:41] - start findBeetwDateAndWay
2020-05-14_21:04:40.931 [http-nio-9001-exec-1] INFO  CallsNewRepositoryImpl [CallsNewRepositoryImpl.java:63] - Fined 0 items.
2020-05-14_21:04:57.619 [http-nio-9001-exec-3] INFO  ReportRestController [ReportRestController.java:31] - Start doGet of '/servlets'
2020-05-14_21:04:57.626 [http-nio-9001-exec-3] INFO  CallsNewRepositoryImpl [CallsNewRepositoryImpl.java:41] - start findBeetwDateAndWay
2020-05-14_21:04:57.634 [http-nio-9001-exec-3] INFO  CallsNewRepositoryImpl [CallsNewRepositoryImpl.java:63] - Fined 0 items.
2020-05-14_21:10:24.388 [main] INFO  Application [StartupInfoLogger.java:55] - Starting Application v1.0-SNAPSHOT on Andrew-ПК with PID 8308 (D:\Stajirovka\ReadAvayaLogger\target\nonBlockingEchoServer.jar started by Andrew in D:\Stajirovka\ReadAvayaLogger)
2020-05-14_21:10:24.392 [main] INFO  Application [SpringApplication.java:655] - The following profiles are active: dev
2020-05-14_21:10:26.993 [main] INFO  Application [Application.java:36] - Running with Spring profile(s) : [dev]
2020-05-14_21:10:30.077 [main] INFO  Application [StartupInfoLogger.java:61] - Started Application in 6.81 seconds (JVM running for 7.637)
2020-05-14_21:10:30.083 [main] INFO  Application [Application.java:50] - Access URLs:
----------------------------------------------------------
	Local: 		http://127.0.0.1:9001
	External: 	http://192.168.1.47:9001
----------------------------------------------------------
2020-05-14_21:10:30.098 [Thread-2] INFO  NonBlockingEchoServer_NEW [NonBlockingEchoServer_NEW.java:56] - Server started on port >> 9000
2020-05-14_21:10:30.099 [Thread-2] INFO  NonBlockingEchoServer_NEW [NonBlockingEchoServer_NEW.java:83] - Start cycle in NonBlockingEchoServer

2020-05-14_21:10:37.794 [http-nio-9001-exec-1] INFO  ReportRestController [ReportRestController.java:31] - Start doGet of '/servlets'
2020-05-14_21:15:31.151 [http-nio-9001-exec-4] INFO  ReportRestController [ReportRestController.java:31] - Start doGet of '/servlets'
2020-05-14_21:15:31.226 [http-nio-9001-exec-4] INFO  CallsNewRepositoryImpl [CallsNewRepositoryImpl.java:41] - start findBeetwDateAndWay
2020-05-14_21:16:06.495 [http-nio-9001-exec-1] INFO  CallsNewRepositoryImpl [CallsNewRepositoryImpl.java:41] - start findBeetwDateAndWay
2020-05-14_21:16:06.558 [http-nio-9001-exec-1] INFO  CallsNewRepositoryImpl [CallsNewRepositoryImpl.java:63] - Fined 0 items.
2020-05-14_21:16:06.560 [http-nio-9001-exec-4] INFO  CallsNewRepositoryImpl [CallsNewRepositoryImpl.java:63] - Fined 0 items.
2020-05-14_21:16:18.652 [http-nio-9001-exec-5] INFO  ReportRestController [ReportRestController.java:31] - Start doGet of '/servlets'
2020-05-14_21:17:05.262 [http-nio-9001-exec-5] INFO  CallsNewRepositoryImpl [CallsNewRepositoryImpl.java:41] - start findBeetwDateAndWay
2020-05-14_21:17:05.269 [http-nio-9001-exec-5] INFO  CallsNewRepositoryImpl [CallsNewRepositoryImpl.java:63] - Fined 0 items.
2020-05-14_21:17:10.740 [http-nio-9001-exec-8] INFO  ReportRestController [ReportRestController.java:31] - Start doGet of '/servlets'
2020-05-14_21:18:35.596 [http-nio-9001-exec-8] INFO  CallsNewRepositoryImpl [CallsNewRepositoryImpl.java:41] - start findBeetwDateAndWay
2020-05-14_21:18:35.603 [http-nio-9001-exec-8] INFO  CallsNewRepositoryImpl [CallsNewRepositoryImpl.java:63] - Fined 0 items.
2020-05-14_21:19:04.129 [main] INFO  Application [StartupInfoLogger.java:55] - Starting Application v1.0-SNAPSHOT on Andrew-ПК with PID 7228 (D:\Stajirovka\ReadAvayaLogger\target\nonBlockingEchoServer.jar started by Andrew in D:\Stajirovka\ReadAvayaLogger)
2020-05-14_21:19:04.134 [main] INFO  Application [SpringApplication.java:655] - The following profiles are active: dev
2020-05-14_21:19:06.491 [main] INFO  Application [Application.java:36] - Running with Spring profile(s) : [dev]
2020-05-14_21:19:08.192 [main] INFO  Application [StartupInfoLogger.java:61] - Started Application in 5.05 seconds (JVM running for 5.787)
2020-05-14_21:19:08.194 [main] INFO  Application [Application.java:50] - Access URLs:
----------------------------------------------------------
	Local: 		http://127.0.0.1:9001
	External: 	http://192.168.1.47:9001
----------------------------------------------------------
2020-05-14_21:19:08.197 [Thread-2] INFO  NonBlockingEchoServer_NEW [NonBlockingEchoServer_NEW.java:56] - Server started on port >> 9000
2020-05-14_21:19:08.198 [Thread-2] INFO  NonBlockingEchoServer_NEW [NonBlockingEchoServer_NEW.java:83] - Start cycle in NonBlockingEchoServer

2020-05-14_21:19:13.687 [http-nio-9001-exec-1] INFO  ReportRestController [ReportRestController.java:31] - Start doGet of '/servlets'
2020-05-14_21:19:54.148 [http-nio-9001-exec-1] INFO  CallsNewRepositoryImpl [CallsNewRepositoryImpl.java:41] - start findBeetwDateAndWay
2020-05-14_21:19:54.207 [http-nio-9001-exec-1] INFO  CallsNewRepositoryImpl [CallsNewRepositoryImpl.java:63] - Fined 0 items.
2020-05-14_21:22:42.171 [main] INFO  Application [StartupInfoLogger.java:55] - Starting Application v1.0-SNAPSHOT on Andrew-ПК with PID 2696 (D:\Stajirovka\ReadAvayaLogger\target\nonBlockingEchoServer.jar started by Andrew in D:\Stajirovka\ReadAvayaLogger)
2020-05-14_21:22:42.176 [main] INFO  Application [SpringApplication.java:655] - The following profiles are active: dev
2020-05-14_21:22:44.684 [main] INFO  Application [Application.java:36] - Running with Spring profile(s) : [dev]
2020-05-14_21:22:46.267 [main] INFO  Application [StartupInfoLogger.java:61] - Started Application in 5.034 seconds (JVM running for 6.157)
2020-05-14_21:22:46.271 [main] INFO  Application [Application.java:50] - Access URLs:
----------------------------------------------------------
	Local: 		http://127.0.0.1:9001
	External: 	http://192.168.1.47:9001
----------------------------------------------------------
2020-05-14_21:22:46.275 [Thread-2] INFO  NonBlockingEchoServer_NEW [NonBlockingEchoServer_NEW.java:56] - Server started on port >> 9000
2020-05-14_21:22:46.275 [Thread-2] INFO  NonBlockingEchoServer_NEW [NonBlockingEchoServer_NEW.java:83] - Start cycle in NonBlockingEchoServer

2020-05-14_21:22:51.938 [http-nio-9001-exec-1] INFO  ReportRestController [ReportRestController.java:31] - Start doGet of '/servlets'
2020-05-14_21:22:57.546 [http-nio-9001-exec-1] INFO  CallsNewRepositoryImpl [CallsNewRepositoryImpl.java:41] - start findBeetwDateAndWay
2020-05-14_21:22:57.602 [http-nio-9001-exec-1] INFO  CallsNewRepositoryImpl [CallsNewRepositoryImpl.java:63] - Fined 0 items.
2020-05-14_21:23:34.128 [http-nio-9001-exec-3] INFO  ReportRestController [ReportRestController.java:31] - Start doGet of '/servlets'
2020-05-14_21:23:38.010 [http-nio-9001-exec-3] INFO  CallsNewRepositoryImpl [CallsNewRepositoryImpl.java:41] - start findBeetwDateAndWay
2020-05-14_21:23:38.017 [http-nio-9001-exec-3] INFO  CallsNewRepositoryImpl [CallsNewRepositoryImpl.java:63] - Fined 0 items.
2020-05-14_21:26:21.445 [main] INFO  Application [StartupInfoLogger.java:55] - Starting Application v1.0-SNAPSHOT on Andrew-ПК with PID 8296 (D:\Stajirovka\ReadAvayaLogger\target\nonBlockingEchoServer.jar started by Andrew in D:\Stajirovka\ReadAvayaLogger)
2020-05-14_21:26:21.450 [main] INFO  Application [SpringApplication.java:655] - The following profiles are active: dev
2020-05-14_21:26:24.525 [main] INFO  Application [Application.java:36] - Running with Spring profile(s) : [dev]
2020-05-14_21:26:26.530 [main] INFO  Application [StartupInfoLogger.java:61] - Started Application in 6.483 seconds (JVM running for 7.368)
2020-05-14_21:26:26.533 [main] INFO  Application [Application.java:50] - Access URLs:
----------------------------------------------------------
	Local: 		http://127.0.0.1:9001
	External: 	http://192.168.1.47:9001
----------------------------------------------------------
2020-05-14_21:26:26.538 [Thread-2] INFO  NonBlockingEchoServer_NEW [NonBlockingEchoServer_NEW.java:56] - Server started on port >> 9000
2020-05-14_21:26:26.538 [Thread-2] INFO  NonBlockingEchoServer_NEW [NonBlockingEchoServer_NEW.java:83] - Start cycle in NonBlockingEchoServer

2020-05-14_21:26:41.325 [http-nio-9001-exec-1] INFO  ReportRestController [ReportRestController.java:31] - Start doGet of '/servlets'
2020-05-14_21:27:25.567 [http-nio-9001-exec-1] INFO  CallsNewRepositoryImpl [CallsNewRepositoryImpl.java:41] - start findBeetwDateAndWay
2020-05-14_21:27:25.623 [http-nio-9001-exec-1] INFO  CallsNewRepositoryImpl [CallsNewRepositoryImpl.java:63] - Fined 0 items.
2020-05-14_21:30:19.513 [main] INFO  Application [StartupInfoLogger.java:55] - Starting Application v1.0-SNAPSHOT on Andrew-ПК with PID 6232 (D:\Stajirovka\ReadAvayaLogger\target\nonBlockingEchoServer.jar started by Andrew in D:\Stajirovka\ReadAvayaLogger)
2020-05-14_21:30:19.516 [main] INFO  Application [SpringApplication.java:655] - The following profiles are active: dev
2020-05-14_21:30:21.321 [main] INFO  Application [Application.java:36] - Running with Spring profile(s) : [dev]
2020-05-14_21:30:22.744 [main] INFO  Application [StartupInfoLogger.java:61] - Started Application in 4.067 seconds (JVM running for 4.555)
2020-05-14_21:30:22.746 [main] INFO  Application [Application.java:50] - Access URLs:
----------------------------------------------------------
	Local: 		http://127.0.0.1:9001
	External: 	http://192.168.1.47:9001
----------------------------------------------------------
2020-05-14_21:30:22.749 [Thread-2] INFO  NonBlockingEchoServer_NEW [NonBlockingEchoServer_NEW.java:56] - Server started on port >> 9000
2020-05-14_21:30:22.750 [Thread-2] INFO  NonBlockingEchoServer_NEW [NonBlockingEchoServer_NEW.java:83] - Start cycle in NonBlockingEchoServer

2020-05-14_21:30:43.312 [http-nio-9001-exec-2] INFO  ReportRestController [ReportRestController.java:32] - Start doGet of '/servlets'
2020-05-14_21:30:43.320 [http-nio-9001-exec-2] INFO  CallsNewRepositoryImpl [CallsNewRepositoryImpl.java:41] - start findBeetwDateAndWay
2020-05-14_21:30:43.372 [http-nio-9001-exec-2] INFO  CallsNewRepositoryImpl [CallsNewRepositoryImpl.java:63] - Fined 0 items.
2020-05-14_21:30:43.940 [http-nio-9001-exec-2] ERROR TemplateEngine [TemplateEngine.java:1136] - [THYMELEAF][http-nio-9001-exec-2] Exception processing template "calls-2": Error during execution of processor 'org.thymeleaf.spring5.processor.SpringSelectFieldTagProcessor' (template: "calls-2" - line 63, col 46)
org.thymeleaf.exceptions.TemplateProcessingException: Error during execution of processor 'org.thymeleaf.spring5.processor.SpringSelectFieldTagProcessor' (template: "calls-2" - line 63, col 46)
	at org.thymeleaf.processor.element.AbstractAttributeTagProcessor.doProcess(AbstractAttributeTagProcessor.java:117)
	at org.thymeleaf.processor.element.AbstractElementTagProcessor.process(AbstractElementTagProcessor.java:95)
	at org.thymeleaf.util.ProcessorConfigurationUtils$ElementTagProcessorWrapper.process(ProcessorConfigurationUtils.java:633)
	at org.thymeleaf.engine.ProcessorTemplateHandler.handleOpenElement(ProcessorTemplateHandler.java:1314)
	at org.thymeleaf.engine.OpenElementTag.beHandled(OpenElementTag.java:205)
	at org.thymeleaf.engine.TemplateModel.process(TemplateModel.java:136)
	at org.thymeleaf.engine.TemplateManager.parseAndProcess(TemplateManager.java:661)
	at org.thymeleaf.TemplateEngine.process(TemplateEngine.java:1098)
	at org.thymeleaf.TemplateEngine.process(TemplateEngine.java:1072)
	at org.thymeleaf.spring5.view.ThymeleafView.renderFragment(ThymeleafView.java:362)
	at org.thymeleaf.spring5.view.ThymeleafView.render(ThymeleafView.java:189)
	at org.springframework.web.servlet.DispatcherServlet.render(DispatcherServlet.java:1373)
	at org.springframework.web.servlet.DispatcherServlet.processDispatchResult(DispatcherServlet.java:1118)
	at org.springframework.web.servlet.DispatcherServlet.doDispatch(DispatcherServlet.java:1057)
	at org.springframework.web.servlet.DispatcherServlet.doService(DispatcherServlet.java:943)
	at org.springframework.web.servlet.FrameworkServlet.processRequest(FrameworkServlet.java:1006)
	at org.springframework.web.servlet.FrameworkServlet.doGet(FrameworkServlet.java:898)
	at javax.servlet.http.HttpServlet.service(HttpServlet.java:634)
	at org.springframework.web.servlet.FrameworkServlet.service(FrameworkServlet.java:883)
	at javax.servlet.http.HttpServlet.service(HttpServlet.java:741)
	at org.apache.catalina.core.ApplicationFilterChain.internalDoFilter(ApplicationFilterChain.java:231)
	at org.apache.catalina.core.ApplicationFilterChain.doFilter(ApplicationFilterChain.java:166)
	at org.apache.tomcat.websocket.server.WsFilter.doFilter(WsFilter.java:53)
	at org.apache.catalina.core.ApplicationFilterChain.internalDoFilter(ApplicationFilterChain.java:193)
	at org.apache.catalina.core.ApplicationFilterChain.doFilter(ApplicationFilterChain.java:166)
	at org.springframework.web.filter.RequestContextFilter.doFilterInternal(RequestContextFilter.java:100)
	at org.springframework.web.filter.OncePerRequestFilter.doFilter(OncePerRequestFilter.java:119)
	at org.apache.catalina.core.ApplicationFilterChain.internalDoFilter(ApplicationFilterChain.java:193)
	at org.apache.catalina.core.ApplicationFilterChain.doFilter(ApplicationFilterChain.java:166)
	at org.springframework.web.filter.FormContentFilter.doFilterInternal(FormContentFilter.java:93)
	at org.springframework.web.filter.OncePerRequestFilter.doFilter(OncePerRequestFilter.java:119)
	at org.apache.catalina.core.ApplicationFilterChain.internalDoFilter(ApplicationFilterChain.java:193)
	at org.apache.catalina.core.ApplicationFilterChain.doFilter(ApplicationFilterChain.java:166)
	at org.springframework.web.filter.CharacterEncodingFilter.doFilterInternal(CharacterEncodingFilter.java:201)
	at org.springframework.web.filter.OncePerRequestFilter.doFilter(OncePerRequestFilter.java:119)
	at org.apache.catalina.core.ApplicationFilterChain.internalDoFilter(ApplicationFilterChain.java:193)
	at org.apache.catalina.core.ApplicationFilterChain.doFilter(ApplicationFilterChain.java:166)
	at org.apache.catalina.core.StandardWrapperValve.invoke(StandardWrapperValve.java:202)
	at org.apache.catalina.core.StandardContextValve.invoke(StandardContextValve.java:96)
	at org.apache.catalina.authenticator.AuthenticatorBase.invoke(AuthenticatorBase.java:526)
	at org.apache.catalina.core.StandardHostValve.invoke(StandardHostValve.java:139)
	at org.apache.catalina.valves.ErrorReportValve.invoke(ErrorReportValve.java:92)
	at org.apache.catalina.core.StandardEngineValve.invoke(StandardEngineValve.java:74)
	at org.apache.catalina.connector.CoyoteAdapter.service(CoyoteAdapter.java:343)
	at org.apache.coyote.http11.Http11Processor.service(Http11Processor.java:367)
	at org.apache.coyote.AbstractProcessorLight.process(AbstractProcessorLight.java:65)
	at org.apache.coyote.AbstractProtocol$ConnectionHandler.process(AbstractProtocol.java:860)
	at org.apache.tomcat.util.net.NioEndpoint$SocketProcessor.doRun(NioEndpoint.java:1591)
	at org.apache.tomcat.util.net.SocketProcessorBase.run(SocketProcessorBase.java:49)
	at java.util.concurrent.ThreadPoolExecutor.runWorker(ThreadPoolExecutor.java:1149)
	at java.util.concurrent.ThreadPoolExecutor$Worker.run(ThreadPoolExecutor.java:624)
	at org.apache.tomcat.util.threads.TaskThread$WrappingRunnable.run(TaskThread.java:61)
	at java.lang.Thread.run(Thread.java:748)
Caused by: org.springframework.beans.NotReadablePropertyException: Invalid property 'answer_all_out_in' of bean class [main.web.TO.TOServiceToBase]: Bean property 'answer_all_out_in' is not readable or has an invalid getter method: Does the return type of the getter match the parameter type of the setter?
	at org.springframework.beans.AbstractNestablePropertyAccessor.getPropertyValue(AbstractNestablePropertyAccessor.java:622)
	at org.springframework.beans.AbstractNestablePropertyAccessor.getPropertyValue(AbstractNestablePropertyAccessor.java:612)
	at org.springframework.validation.AbstractPropertyBindingResult.getActualFieldValue(AbstractPropertyBindingResult.java:104)
	at org.springframework.validation.AbstractBindingResult.getFieldValue(AbstractBindingResult.java:228)
	at org.springframework.web.servlet.support.BindStatus.<init>(BindStatus.java:129)
	at org.springframework.web.servlet.support.RequestContext.getBindStatus(RequestContext.java:903)
	at org.thymeleaf.spring5.context.webmvc.SpringWebMvcThymeleafRequestContext.getBindStatus(SpringWebMvcThymeleafRequestContext.java:227)
	at org.thymeleaf.spring5.util.FieldUtils.getBindStatusFromParsedExpression(FieldUtils.java:306)
	at org.thymeleaf.spring5.util.FieldUtils.getBindStatus(FieldUtils.java:253)
	at org.thymeleaf.spring5.util.FieldUtils.getBindStatus(FieldUtils.java:227)
	at org.thymeleaf.spring5.processor.AbstractSpringFieldTagProcessor.doProcess(AbstractSpringFieldTagProcessor.java:174)
	at org.thymeleaf.processor.element.AbstractAttributeTagProcessor.doProcess(AbstractAttributeTagProcessor.java:74)
	... 52 common frames omitted
2020-05-14_21:30:43.943 [http-nio-9001-exec-2] ERROR [dispatcherServlet] [DirectJDKLog.java:175] - Servlet.service() for servlet [dispatcherServlet] in context with path [] threw exception [Request processing failed; nested exception is org.thymeleaf.exceptions.TemplateProcessingException: Error during execution of processor 'org.thymeleaf.spring5.processor.SpringSelectFieldTagProcessor' (template: "calls-2" - line 63, col 46)] with root cause
org.springframework.beans.NotReadablePropertyException: Invalid property 'answer_all_out_in' of bean class [main.web.TO.TOServiceToBase]: Bean property 'answer_all_out_in' is not readable or has an invalid getter method: Does the return type of the getter match the parameter type of the setter?
	at org.springframework.beans.AbstractNestablePropertyAccessor.getPropertyValue(AbstractNestablePropertyAccessor.java:622)
	at org.springframework.beans.AbstractNestablePropertyAccessor.getPropertyValue(AbstractNestablePropertyAccessor.java:612)
	at org.springframework.validation.AbstractPropertyBindingResult.getActualFieldValue(AbstractPropertyBindingResult.java:104)
	at org.springframework.validation.AbstractBindingResult.getFieldValue(AbstractBindingResult.java:228)
	at org.springframework.web.servlet.support.BindStatus.<init>(BindStatus.java:129)
	at org.springframework.web.servlet.support.RequestContext.getBindStatus(RequestContext.java:903)
	at org.thymeleaf.spring5.context.webmvc.SpringWebMvcThymeleafRequestContext.getBindStatus(SpringWebMvcThymeleafRequestContext.java:227)
	at org.thymeleaf.spring5.util.FieldUtils.getBindStatusFromParsedExpression(FieldUtils.java:306)
	at org.thymeleaf.spring5.util.FieldUtils.getBindStatus(FieldUtils.java:253)
	at org.thymeleaf.spring5.util.FieldUtils.getBindStatus(FieldUtils.java:227)
	at org.thymeleaf.spring5.processor.AbstractSpringFieldTagProcessor.doProcess(AbstractSpringFieldTagProcessor.java:174)
	at org.thymeleaf.processor.element.AbstractAttributeTagProcessor.doProcess(AbstractAttributeTagProcessor.java:74)
	at org.thymeleaf.processor.element.AbstractElementTagProcessor.process(AbstractElementTagProcessor.java:95)
	at org.thymeleaf.util.ProcessorConfigurationUtils$ElementTagProcessorWrapper.process(ProcessorConfigurationUtils.java:633)
	at org.thymeleaf.engine.ProcessorTemplateHandler.handleOpenElement(ProcessorTemplateHandler.java:1314)
	at org.thymeleaf.engine.OpenElementTag.beHandled(OpenElementTag.java:205)
	at org.thymeleaf.engine.TemplateModel.process(TemplateModel.java:136)
	at org.thymeleaf.engine.TemplateManager.parseAndProcess(TemplateManager.java:661)
	at org.thymeleaf.TemplateEngine.process(TemplateEngine.java:1098)
	at org.thymeleaf.TemplateEngine.process(TemplateEngine.java:1072)
	at org.thymeleaf.spring5.view.ThymeleafView.renderFragment(ThymeleafView.java:362)
	at org.thymeleaf.spring5.view.ThymeleafView.render(ThymeleafView.java:189)
	at org.springframework.web.servlet.DispatcherServlet.render(DispatcherServlet.java:1373)
	at org.springframework.web.servlet.DispatcherServlet.processDispatchResult(DispatcherServlet.java:1118)
	at org.springframework.web.servlet.DispatcherServlet.doDispatch(DispatcherServlet.java:1057)
	at org.springframework.web.servlet.DispatcherServlet.doService(DispatcherServlet.java:943)
	at org.springframework.web.servlet.FrameworkServlet.processRequest(FrameworkServlet.java:1006)
	at org.springframework.web.servlet.FrameworkServlet.doGet(FrameworkServlet.java:898)
	at javax.servlet.http.HttpServlet.service(HttpServlet.java:634)
	at org.springframework.web.servlet.FrameworkServlet.service(FrameworkServlet.java:883)
	at javax.servlet.http.HttpServlet.service(HttpServlet.java:741)
	at org.apache.catalina.core.ApplicationFilterChain.internalDoFilter(ApplicationFilterChain.java:231)
	at org.apache.catalina.core.ApplicationFilterChain.doFilter(ApplicationFilterChain.java:166)
	at org.apache.tomcat.websocket.server.WsFilter.doFilter(WsFilter.java:53)
	at org.apache.catalina.core.ApplicationFilterChain.internalDoFilter(ApplicationFilterChain.java:193)
	at org.apache.catalina.core.ApplicationFilterChain.doFilter(ApplicationFilterChain.java:166)
	at org.springframework.web.filter.RequestContextFilter.doFilterInternal(RequestContextFilter.java:100)
	at org.springframework.web.filter.OncePerRequestFilter.doFilter(OncePerRequestFilter.java:119)
	at org.apache.catalina.core.ApplicationFilterChain.internalDoFilter(ApplicationFilterChain.java:193)
	at org.apache.catalina.core.ApplicationFilterChain.doFilter(ApplicationFilterChain.java:166)
	at org.springframework.web.filter.FormContentFilter.doFilterInternal(FormContentFilter.java:93)
	at org.springframework.web.filter.OncePerRequestFilter.doFilter(OncePerRequestFilter.java:119)
	at org.apache.catalina.core.ApplicationFilterChain.internalDoFilter(ApplicationFilterChain.java:193)
	at org.apache.catalina.core.ApplicationFilterChain.doFilter(ApplicationFilterChain.java:166)
	at org.springframework.web.filter.CharacterEncodingFilter.doFilterInternal(CharacterEncodingFilter.java:201)
	at org.springframework.web.filter.OncePerRequestFilter.doFilter(OncePerRequestFilter.java:119)
	at org.apache.catalina.core.ApplicationFilterChain.internalDoFilter(ApplicationFilterChain.java:193)
	at org.apache.catalina.core.ApplicationFilterChain.doFilter(ApplicationFilterChain.java:166)
	at org.apache.catalina.core.StandardWrapperValve.invoke(StandardWrapperValve.java:202)
	at org.apache.catalina.core.StandardContextValve.invoke(StandardContextValve.java:96)
	at org.apache.catalina.authenticator.AuthenticatorBase.invoke(AuthenticatorBase.java:526)
	at org.apache.catalina.core.StandardHostValve.invoke(StandardHostValve.java:139)
	at org.apache.catalina.valves.ErrorReportValve.invoke(ErrorReportValve.java:92)
	at org.apache.catalina.core.StandardEngineValve.invoke(StandardEngineValve.java:74)
	at org.apache.catalina.connector.CoyoteAdapter.service(CoyoteAdapter.java:343)
	at org.apache.coyote.http11.Http11Processor.service(Http11Processor.java:367)
	at org.apache.coyote.AbstractProcessorLight.process(AbstractProcessorLight.java:65)
	at org.apache.coyote.AbstractProtocol$ConnectionHandler.process(AbstractProtocol.java:860)
	at org.apache.tomcat.util.net.NioEndpoint$SocketProcessor.doRun(NioEndpoint.java:1591)
	at org.apache.tomcat.util.net.SocketProcessorBase.run(SocketProcessorBase.java:49)
	at java.util.concurrent.ThreadPoolExecutor.runWorker(ThreadPoolExecutor.java:1149)
	at java.util.concurrent.ThreadPoolExecutor$Worker.run(ThreadPoolExecutor.java:624)
	at org.apache.tomcat.util.threads.TaskThread$WrappingRunnable.run(TaskThread.java:61)
	at java.lang.Thread.run(Thread.java:748)
2020-05-14_21:31:28.077 [http-nio-9001-exec-1] INFO  ReportRestController [ReportRestController.java:32] - Start doGet of '/servlets'
2020-05-14_21:31:28.078 [http-nio-9001-exec-1] INFO  CallsNewRepositoryImpl [CallsNewRepositoryImpl.java:41] - start findBeetwDateAndWay
2020-05-14_21:31:28.086 [http-nio-9001-exec-1] INFO  CallsNewRepositoryImpl [CallsNewRepositoryImpl.java:63] - Fined 0 items.
2020-05-14_21:31:28.098 [http-nio-9001-exec-1] ERROR TemplateEngine [TemplateEngine.java:1136] - [THYMELEAF][http-nio-9001-exec-1] Exception processing template "calls-2": Error during execution of processor 'org.thymeleaf.spring5.processor.SpringSelectFieldTagProcessor' (template: "calls-2" - line 63, col 46)
org.thymeleaf.exceptions.TemplateProcessingException: Error during execution of processor 'org.thymeleaf.spring5.processor.SpringSelectFieldTagProcessor' (template: "calls-2" - line 63, col 46)
	at org.thymeleaf.processor.element.AbstractAttributeTagProcessor.doProcess(AbstractAttributeTagProcessor.java:117)
	at org.thymeleaf.processor.element.AbstractElementTagProcessor.process(AbstractElementTagProcessor.java:95)
	at org.thymeleaf.util.ProcessorConfigurationUtils$ElementTagProcessorWrapper.process(ProcessorConfigurationUtils.java:633)
	at org.thymeleaf.engine.ProcessorTemplateHandler.handleOpenElement(ProcessorTemplateHandler.java:1314)
	at org.thymeleaf.engine.OpenElementTag.beHandled(OpenElementTag.java:205)
	at org.thymeleaf.engine.TemplateModel.process(TemplateModel.java:136)
	at org.thymeleaf.engine.TemplateManager.parseAndProcess(TemplateManager.java:592)
	at org.thymeleaf.TemplateEngine.process(TemplateEngine.java:1098)
	at org.thymeleaf.TemplateEngine.process(TemplateEngine.java:1072)
	at org.thymeleaf.spring5.view.ThymeleafView.renderFragment(ThymeleafView.java:362)
	at org.thymeleaf.spring5.view.ThymeleafView.render(ThymeleafView.java:189)
	at org.springframework.web.servlet.DispatcherServlet.render(DispatcherServlet.java:1373)
	at org.springframework.web.servlet.DispatcherServlet.processDispatchResult(DispatcherServlet.java:1118)
	at org.springframework.web.servlet.DispatcherServlet.doDispatch(DispatcherServlet.java:1057)
	at org.springframework.web.servlet.DispatcherServlet.doService(DispatcherServlet.java:943)
	at org.springframework.web.servlet.FrameworkServlet.processRequest(FrameworkServlet.java:1006)
	at org.springframework.web.servlet.FrameworkServlet.doGet(FrameworkServlet.java:898)
	at javax.servlet.http.HttpServlet.service(HttpServlet.java:634)
	at org.springframework.web.servlet.FrameworkServlet.service(FrameworkServlet.java:883)
	at javax.servlet.http.HttpServlet.service(HttpServlet.java:741)
	at org.apache.catalina.core.ApplicationFilterChain.internalDoFilter(ApplicationFilterChain.java:231)
	at org.apache.catalina.core.ApplicationFilterChain.doFilter(ApplicationFilterChain.java:166)
	at org.apache.tomcat.websocket.server.WsFilter.doFilter(WsFilter.java:53)
	at org.apache.catalina.core.ApplicationFilterChain.internalDoFilter(ApplicationFilterChain.java:193)
	at org.apache.catalina.core.ApplicationFilterChain.doFilter(ApplicationFilterChain.java:166)
	at org.springframework.web.filter.RequestContextFilter.doFilterInternal(RequestContextFilter.java:100)
	at org.springframework.web.filter.OncePerRequestFilter.doFilter(OncePerRequestFilter.java:119)
	at org.apache.catalina.core.ApplicationFilterChain.internalDoFilter(ApplicationFilterChain.java:193)
	at org.apache.catalina.core.ApplicationFilterChain.doFilter(ApplicationFilterChain.java:166)
	at org.springframework.web.filter.FormContentFilter.doFilterInternal(FormContentFilter.java:93)
	at org.springframework.web.filter.OncePerRequestFilter.doFilter(OncePerRequestFilter.java:119)
	at org.apache.catalina.core.ApplicationFilterChain.internalDoFilter(ApplicationFilterChain.java:193)
	at org.apache.catalina.core.ApplicationFilterChain.doFilter(ApplicationFilterChain.java:166)
	at org.springframework.web.filter.CharacterEncodingFilter.doFilterInternal(CharacterEncodingFilter.java:201)
	at org.springframework.web.filter.OncePerRequestFilter.doFilter(OncePerRequestFilter.java:119)
	at org.apache.catalina.core.ApplicationFilterChain.internalDoFilter(ApplicationFilterChain.java:193)
	at org.apache.catalina.core.ApplicationFilterChain.doFilter(ApplicationFilterChain.java:166)
	at org.apache.catalina.core.StandardWrapperValve.invoke(StandardWrapperValve.java:202)
	at org.apache.catalina.core.StandardContextValve.invoke(StandardContextValve.java:96)
	at org.apache.catalina.authenticator.AuthenticatorBase.invoke(AuthenticatorBase.java:526)
	at org.apache.catalina.core.StandardHostValve.invoke(StandardHostValve.java:139)
	at org.apache.catalina.valves.ErrorReportValve.invoke(ErrorReportValve.java:92)
	at org.apache.catalina.core.StandardEngineValve.invoke(StandardEngineValve.java:74)
	at org.apache.catalina.connector.CoyoteAdapter.service(CoyoteAdapter.java:343)
	at org.apache.coyote.http11.Http11Processor.service(Http11Processor.java:367)
	at org.apache.coyote.AbstractProcessorLight.process(AbstractProcessorLight.java:65)
	at org.apache.coyote.AbstractProtocol$ConnectionHandler.process(AbstractProtocol.java:860)
	at org.apache.tomcat.util.net.NioEndpoint$SocketProcessor.doRun(NioEndpoint.java:1591)
	at org.apache.tomcat.util.net.SocketProcessorBase.run(SocketProcessorBase.java:49)
	at java.util.concurrent.ThreadPoolExecutor.runWorker(ThreadPoolExecutor.java:1149)
	at java.util.concurrent.ThreadPoolExecutor$Worker.run(ThreadPoolExecutor.java:624)
	at org.apache.tomcat.util.threads.TaskThread$WrappingRunnable.run(TaskThread.java:61)
	at java.lang.Thread.run(Thread.java:748)
Caused by: org.springframework.beans.NotReadablePropertyException: Invalid property 'answer_all_out_in' of bean class [main.web.TO.TOServiceToBase]: Bean property 'answer_all_out_in' is not readable or has an invalid getter method: Does the return type of the getter match the parameter type of the setter?
	at org.springframework.beans.AbstractNestablePropertyAccessor.getPropertyValue(AbstractNestablePropertyAccessor.java:622)
	at org.springframework.beans.AbstractNestablePropertyAccessor.getPropertyValue(AbstractNestablePropertyAccessor.java:612)
	at org.springframework.validation.AbstractPropertyBindingResult.getActualFieldValue(AbstractPropertyBindingResult.java:104)
	at org.springframework.validation.AbstractBindingResult.getFieldValue(AbstractBindingResult.java:228)
	at org.springframework.web.servlet.support.BindStatus.<init>(BindStatus.java:129)
	at org.springframework.web.servlet.support.RequestContext.getBindStatus(RequestContext.java:903)
	at org.thymeleaf.spring5.context.webmvc.SpringWebMvcThymeleafRequestContext.getBindStatus(SpringWebMvcThymeleafRequestContext.java:227)
	at org.thymeleaf.spring5.util.FieldUtils.getBindStatusFromParsedExpression(FieldUtils.java:306)
	at org.thymeleaf.spring5.util.FieldUtils.getBindStatus(FieldUtils.java:253)
	at org.thymeleaf.spring5.util.FieldUtils.getBindStatus(FieldUtils.java:227)
	at org.thymeleaf.spring5.processor.AbstractSpringFieldTagProcessor.doProcess(AbstractSpringFieldTagProcessor.java:174)
	at org.thymeleaf.processor.element.AbstractAttributeTagProcessor.doProcess(AbstractAttributeTagProcessor.java:74)
	... 52 common frames omitted
2020-05-14_21:31:28.100 [http-nio-9001-exec-1] ERROR [dispatcherServlet] [DirectJDKLog.java:175] - Servlet.service() for servlet [dispatcherServlet] in context with path [] threw exception [Request processing failed; nested exception is org.thymeleaf.exceptions.TemplateProcessingException: Error during execution of processor 'org.thymeleaf.spring5.processor.SpringSelectFieldTagProcessor' (template: "calls-2" - line 63, col 46)] with root cause
org.springframework.beans.NotReadablePropertyException: Invalid property 'answer_all_out_in' of bean class [main.web.TO.TOServiceToBase]: Bean property 'answer_all_out_in' is not readable or has an invalid getter method: Does the return type of the getter match the parameter type of the setter?
	at org.springframework.beans.AbstractNestablePropertyAccessor.getPropertyValue(AbstractNestablePropertyAccessor.java:622)
	at org.springframework.beans.AbstractNestablePropertyAccessor.getPropertyValue(AbstractNestablePropertyAccessor.java:612)
	at org.springframework.validation.AbstractPropertyBindingResult.getActualFieldValue(AbstractPropertyBindingResult.java:104)
	at org.springframework.validation.AbstractBindingResult.getFieldValue(AbstractBindingResult.java:228)
	at org.springframework.web.servlet.support.BindStatus.<init>(BindStatus.java:129)
	at org.springframework.web.servlet.support.RequestContext.getBindStatus(RequestContext.java:903)
	at org.thymeleaf.spring5.context.webmvc.SpringWebMvcThymeleafRequestContext.getBindStatus(SpringWebMvcThymeleafRequestContext.java:227)
	at org.thymeleaf.spring5.util.FieldUtils.getBindStatusFromParsedExpression(FieldUtils.java:306)
	at org.thymeleaf.spring5.util.FieldUtils.getBindStatus(FieldUtils.java:253)
	at org.thymeleaf.spring5.util.FieldUtils.getBindStatus(FieldUtils.java:227)
	at org.thymeleaf.spring5.processor.AbstractSpringFieldTagProcessor.doProcess(AbstractSpringFieldTagProcessor.java:174)
	at org.thymeleaf.processor.element.AbstractAttributeTagProcessor.doProcess(AbstractAttributeTagProcessor.java:74)
	at org.thymeleaf.processor.element.AbstractElementTagProcessor.process(AbstractElementTagProcessor.java:95)
	at org.thymeleaf.util.ProcessorConfigurationUtils$ElementTagProcessorWrapper.process(ProcessorConfigurationUtils.java:633)
	at org.thymeleaf.engine.ProcessorTemplateHandler.handleOpenElement(ProcessorTemplateHandler.java:1314)
	at org.thymeleaf.engine.OpenElementTag.beHandled(OpenElementTag.java:205)
	at org.thymeleaf.engine.TemplateModel.process(TemplateModel.java:136)
	at org.thymeleaf.engine.TemplateManager.parseAndProcess(TemplateManager.java:592)
	at org.thymeleaf.TemplateEngine.process(TemplateEngine.java:1098)
	at org.thymeleaf.TemplateEngine.process(TemplateEngine.java:1072)
	at org.thymeleaf.spring5.view.ThymeleafView.renderFragment(ThymeleafView.java:362)
	at org.thymeleaf.spring5.view.ThymeleafView.render(ThymeleafView.java:189)
	at org.springframework.web.servlet.DispatcherServlet.render(DispatcherServlet.java:1373)
	at org.springframework.web.servlet.DispatcherServlet.processDispatchResult(DispatcherServlet.java:1118)
	at org.springframework.web.servlet.DispatcherServlet.doDispatch(DispatcherServlet.java:1057)
	at org.springframework.web.servlet.DispatcherServlet.doService(DispatcherServlet.java:943)
	at org.springframework.web.servlet.FrameworkServlet.processRequest(FrameworkServlet.java:1006)
	at org.springframework.web.servlet.FrameworkServlet.doGet(FrameworkServlet.java:898)
	at javax.servlet.http.HttpServlet.service(HttpServlet.java:634)
	at org.springframework.web.servlet.FrameworkServlet.service(FrameworkServlet.java:883)
	at javax.servlet.http.HttpServlet.service(HttpServlet.java:741)
	at org.apache.catalina.core.ApplicationFilterChain.internalDoFilter(ApplicationFilterChain.java:231)
	at org.apache.catalina.core.ApplicationFilterChain.doFilter(ApplicationFilterChain.java:166)
	at org.apache.tomcat.websocket.server.WsFilter.doFilter(WsFilter.java:53)
	at org.apache.catalina.core.ApplicationFilterChain.internalDoFilter(ApplicationFilterChain.java:193)
	at org.apache.catalina.core.ApplicationFilterChain.doFilter(ApplicationFilterChain.java:166)
	at org.springframework.web.filter.RequestContextFilter.doFilterInternal(RequestContextFilter.java:100)
	at org.springframework.web.filter.OncePerRequestFilter.doFilter(OncePerRequestFilter.java:119)
	at org.apache.catalina.core.ApplicationFilterChain.internalDoFilter(ApplicationFilterChain.java:193)
	at org.apache.catalina.core.ApplicationFilterChain.doFilter(ApplicationFilterChain.java:166)
	at org.springframework.web.filter.FormContentFilter.doFilterInternal(FormContentFilter.java:93)
	at org.springframework.web.filter.OncePerRequestFilter.doFilter(OncePerRequestFilter.java:119)
	at org.apache.catalina.core.ApplicationFilterChain.internalDoFilter(ApplicationFilterChain.java:193)
	at org.apache.catalina.core.ApplicationFilterChain.doFilter(ApplicationFilterChain.java:166)
	at org.springframework.web.filter.CharacterEncodingFilter.doFilterInternal(CharacterEncodingFilter.java:201)
	at org.springframework.web.filter.OncePerRequestFilter.doFilter(OncePerRequestFilter.java:119)
	at org.apache.catalina.core.ApplicationFilterChain.internalDoFilter(ApplicationFilterChain.java:193)
	at org.apache.catalina.core.ApplicationFilterChain.doFilter(ApplicationFilterChain.java:166)
	at org.apache.catalina.core.StandardWrapperValve.invoke(StandardWrapperValve.java:202)
	at org.apache.catalina.core.StandardContextValve.invoke(StandardContextValve.java:96)
	at org.apache.catalina.authenticator.AuthenticatorBase.invoke(AuthenticatorBase.java:526)
	at org.apache.catalina.core.StandardHostValve.invoke(StandardHostValve.java:139)
	at org.apache.catalina.valves.ErrorReportValve.invoke(ErrorReportValve.java:92)
	at org.apache.catalina.core.StandardEngineValve.invoke(StandardEngineValve.java:74)
	at org.apache.catalina.connector.CoyoteAdapter.service(CoyoteAdapter.java:343)
	at org.apache.coyote.http11.Http11Processor.service(Http11Processor.java:367)
	at org.apache.coyote.AbstractProcessorLight.process(AbstractProcessorLight.java:65)
	at org.apache.coyote.AbstractProtocol$ConnectionHandler.process(AbstractProtocol.java:860)
	at org.apache.tomcat.util.net.NioEndpoint$SocketProcessor.doRun(NioEndpoint.java:1591)
	at org.apache.tomcat.util.net.SocketProcessorBase.run(SocketProcessorBase.java:49)
	at java.util.concurrent.ThreadPoolExecutor.runWorker(ThreadPoolExecutor.java:1149)
	at java.util.concurrent.ThreadPoolExecutor$Worker.run(ThreadPoolExecutor.java:624)
	at org.apache.tomcat.util.threads.TaskThread$WrappingRunnable.run(TaskThread.java:61)
	at java.lang.Thread.run(Thread.java:748)
2020-05-14_21:32:41.754 [main] INFO  Application [StartupInfoLogger.java:55] - Starting Application v1.0-SNAPSHOT on Andrew-ПК with PID 8292 (D:\Stajirovka\ReadAvayaLogger\target\nonBlockingEchoServer.jar started by Andrew in D:\Stajirovka\ReadAvayaLogger)
2020-05-14_21:32:41.758 [main] INFO  Application [SpringApplication.java:655] - The following profiles are active: dev
2020-05-14_21:32:43.651 [main] INFO  Application [Application.java:36] - Running with Spring profile(s) : [dev]
2020-05-14_21:32:44.963 [main] INFO  Application [StartupInfoLogger.java:61] - Started Application in 4.165 seconds (JVM running for 4.681)
2020-05-14_21:32:44.966 [main] INFO  Application [Application.java:50] - Access URLs:
----------------------------------------------------------
	Local: 		http://127.0.0.1:9001
	External: 	http://192.168.1.47:9001
----------------------------------------------------------
2020-05-14_21:32:44.969 [Thread-2] INFO  NonBlockingEchoServer_NEW [NonBlockingEchoServer_NEW.java:56] - Server started on port >> 9000
2020-05-14_21:32:44.970 [Thread-2] INFO  NonBlockingEchoServer_NEW [NonBlockingEchoServer_NEW.java:83] - Start cycle in NonBlockingEchoServer

2020-05-14_21:32:46.610 [http-nio-9001-exec-1] INFO  ReportRestController [ReportRestController.java:32] - Start doGet of '/servlets'
2020-05-14_21:32:46.616 [http-nio-9001-exec-1] INFO  CallsNewRepositoryImpl [CallsNewRepositoryImpl.java:41] - start findBeetwDateAndWay
2020-05-14_21:32:46.662 [http-nio-9001-exec-1] INFO  CallsNewRepositoryImpl [CallsNewRepositoryImpl.java:63] - Fined 0 items.
